<?xml version="1.0" encoding="UTF-8"?>
<!-- Generated by org.testng.reporters.JUnitXMLReporter -->
<testsuite ignored="0" hostname="DESKTOP-2NE1IOF" failures="0" tests="3" name="Default test" time="42.934" errors="0" timestamp="2021-07-13T12:03:56 IST">
  <testcase classname="unacademy.search.testNG.SearchTestNGClass" name="verifyExplorationOfEducatorProfile" time="0.0">
    <skipped/>
  </testcase> <!-- verifyExplorationOfEducatorProfile -->
  <testcase classname="unacademy.search.testNG.SearchTestNGClass" name="verifySearchingFromTrendingSearchList" time="6.856"/>
  <testcase classname="unacademy.search.testNG.SearchTestNGClass" name="verifyExplorationOfCourses" time="17.002"/>
</testsuite> <!-- Default test -->
