<?xml version="1.0" encoding="UTF-8"?>
<!-- Generated by org.testng.reporters.JUnitXMLReporter -->
<testsuite ignored="0" hostname="DESKTOP-2NE1IOF" failures="0" tests="3" name="testNG" time="13.697" errors="0" timestamp="2021-07-14T11:59:44 IST">
  <testcase classname="unacademy.search.testNG.SearchTestNGClass" name="verifyExplorationOfCourses" time="0.0">
    <skipped/>
  </testcase> <!-- verifyExplorationOfCourses -->
  <testcase classname="unacademy.search.testNG.SearchTestNGClass" name="verifyExplorationOfEducatorProfile" time="0.0">
    <skipped/>
  </testcase> <!-- verifyExplorationOfEducatorProfile -->
  <testcase classname="unacademy.search.testNG.SearchTestNGClass" name="verifySearchingFromTrendingSearchList" time="3.976"/>
</testsuite> <!-- testNG -->
