<?xml version="1.0" encoding="UTF-8"?>
<!-- Generated by org.testng.reporters.JUnitXMLReporter -->
<testsuite ignored="0" hostname="DESKTOP-2NE1IOF" failures="0" tests="3" name="Test" time="72.809" errors="0" timestamp="2021-07-12T15:39:22 IST">
  <testcase classname="unacademy.search.testNG.SearchTestNGClass" name="verifyExplorationOfEducatorProfile" time="24.375"/>
  <testcase classname="unacademy.search.testNG.SearchTestNGClass" name="verifySearchingFromTrendingSearchList" time="6.035"/>
  <testcase classname="unacademy.search.testNG.SearchTestNGClass" name="verifyExplorationOfCourses" time="17.21"/>
</testsuite> <!-- Test -->
