<?xml version="1.0" encoding="UTF-8"?>
<testng-results skipped="0" failed="0" ignored="0" total="0" passed="0">
  <reporter-output>
  </reporter-output>
  <suite name="Surefire suite" duration-ms="254" started-at="2021-07-14T16:58:46 IST" finished-at="2021-07-14T16:58:47 IST">
    <groups>
      <group name="cucumber">
        <method signature="AbstractTestNGCucumberTests.runScenario(io.cucumber.testng.PickleWrapper,io.cucumber.testng.FeatureWrapper)[pri:0, instance:unacademy.step.definition.search.RunCucumberTest@fad74ee]" name="runScenario" class="io.cucumber.testng.AbstractTestNGCucumberTests"/>
      </group> <!-- cucumber -->
    </groups>
    <test name="Surefire test" duration-ms="254" started-at="2021-07-14T16:58:46 IST" finished-at="2021-07-14T16:58:47 IST">
      <class name="unacademy.step.definition.search.RunCucumberTest">
        <test-method status="PASS" signature="setUpClass()[pri:0, instance:unacademy.step.definition.search.RunCucumberTest@fad74ee]" name="setUpClass" is-config="true" duration-ms="204" started-at="2021-07-14T16:58:46 IST" finished-at="2021-07-14T16:58:47 IST">
          <reporter-output>
          </reporter-output>
        </test-method> <!-- setUpClass -->
        <test-method status="PASS" signature="tearDownClass()[pri:0, instance:unacademy.step.definition.search.RunCucumberTest@fad74ee]" name="tearDownClass" is-config="true" duration-ms="10" started-at="2021-07-14T16:58:47 IST" finished-at="2021-07-14T16:58:47 IST">
          <reporter-output>
          </reporter-output>
        </test-method> <!-- tearDownClass -->
      </class> <!-- unacademy.step.definition.search.RunCucumberTest -->
    </test> <!-- Surefire test -->
  </suite> <!-- Surefire suite -->
</testng-results>
