<?xml version="1.0" encoding="UTF-8"?>
<testng-results ignored="0" total="3" passed="3" failed="0" skipped="0">
  <reporter-output>
  </reporter-output>
  <suite started-at="2021-07-13T11:07:05 IST" name="Default suite" finished-at="2021-07-13T11:08:22 IST" duration-ms="77473">
    <groups>
    </groups>
    <test started-at="2021-07-13T11:07:05 IST" name="Default test" finished-at="2021-07-13T11:08:22 IST" duration-ms="77473">
      <class name="unacademy.search.testNG.SearchTestNGClass">
        <test-method is-config="true" signature="beforeMethod()[pri:0, instance:unacademy.search.testNG.SearchTestNGClass@393671df]" started-at="2021-07-13T11:07:06 IST" name="beforeMethod" finished-at="2021-07-13T11:07:17 IST" duration-ms="11166" status="PASS">
          <reporter-output>
          </reporter-output>
        </test-method> <!-- beforeMethod -->
        <test-method signature="verifyExplorationOfEducatorProfile(java.lang.String,java.lang.String)[pri:1, instance:unacademy.search.testNG.SearchTestNGClass@393671df]" started-at="2021-07-13T11:07:17 IST" name="verifyExplorationOfEducatorProfile" data-provider="searchitem" finished-at="2021-07-13T11:07:40 IST" duration-ms="23574" status="PASS">
          <params>
            <param index="0">
              <value>
                <![CDATA[Sahil Chhapola]]>
              </value>
            </param>
            <param index="1">
              <value>
                <![CDATA[UPSC]]>
              </value>
            </param>
          </params>
          <reporter-output>
          </reporter-output>
        </test-method> <!-- verifyExplorationOfEducatorProfile -->
        <test-method is-config="true" signature="afterMethod()[pri:0, instance:unacademy.search.testNG.SearchTestNGClass@393671df]" started-at="2021-07-13T11:07:40 IST" name="afterMethod" finished-at="2021-07-13T11:07:41 IST" duration-ms="802" status="PASS">
          <reporter-output>
          </reporter-output>
        </test-method> <!-- afterMethod -->
        <test-method is-config="true" signature="beforeMethod()[pri:0, instance:unacademy.search.testNG.SearchTestNGClass@393671df]" started-at="2021-07-13T11:07:41 IST" name="beforeMethod" finished-at="2021-07-13T11:07:49 IST" duration-ms="8032" status="PASS">
          <reporter-output>
          </reporter-output>
        </test-method> <!-- beforeMethod -->
        <test-method signature="verifySearchingFromTrendingSearchList()[pri:2, instance:unacademy.search.testNG.SearchTestNGClass@393671df]" started-at="2021-07-13T11:07:49 IST" name="verifySearchingFromTrendingSearchList" finished-at="2021-07-13T11:07:55 IST" duration-ms="5672" status="PASS">
          <reporter-output>
          </reporter-output>
        </test-method> <!-- verifySearchingFromTrendingSearchList -->
        <test-method is-config="true" signature="afterMethod()[pri:0, instance:unacademy.search.testNG.SearchTestNGClass@393671df]" started-at="2021-07-13T11:07:55 IST" name="afterMethod" finished-at="2021-07-13T11:07:56 IST" duration-ms="794" status="PASS">
          <reporter-output>
          </reporter-output>
        </test-method> <!-- afterMethod -->
        <test-method is-config="true" signature="beforeMethod()[pri:0, instance:unacademy.search.testNG.SearchTestNGClass@393671df]" started-at="2021-07-13T11:07:56 IST" name="beforeMethod" finished-at="2021-07-13T11:08:04 IST" duration-ms="8608" status="PASS">
          <reporter-output>
          </reporter-output>
        </test-method> <!-- beforeMethod -->
        <test-method signature="verifyExplorationOfCourses(java.lang.String,java.lang.String)[pri:3, instance:unacademy.search.testNG.SearchTestNGClass@393671df]" started-at="2021-07-13T11:08:04 IST" name="verifyExplorationOfCourses" data-provider="searchitem" finished-at="2021-07-13T11:08:21 IST" duration-ms="17054" status="PASS">
          <params>
            <param index="0">
              <value>
                <![CDATA[Sahil Chhapola]]>
              </value>
            </param>
            <param index="1">
              <value>
                <![CDATA[UPSC]]>
              </value>
            </param>
          </params>
          <reporter-output>
          </reporter-output>
        </test-method> <!-- verifyExplorationOfCourses -->
        <test-method is-config="true" signature="afterMethod()[pri:0, instance:unacademy.search.testNG.SearchTestNGClass@393671df]" started-at="2021-07-13T11:08:21 IST" name="afterMethod" finished-at="2021-07-13T11:08:22 IST" duration-ms="791" status="PASS">
          <reporter-output>
          </reporter-output>
        </test-method> <!-- afterMethod -->
      </class> <!-- unacademy.search.testNG.SearchTestNGClass -->
    </test> <!-- Default test -->
  </suite> <!-- Default suite -->
</testng-results>
